<?xml version="1.0" ?>
<coverage branch-rate="0" branches-covered="0" branches-valid="0" complexity="0" line-rate="0.7143" lines-covered="5" lines-valid="7" timestamp="1565643265721" version="4.5.4">
	<!-- Generated by coverage.py: https://coverage.readthedocs.io -->
	<!-- Based on https://raw.githubusercontent.com/cobertura/web/master/htdocs/xml/coverage-04.dtd -->
	<sources>
		<source>/home/rodrigo/Documents/projetotec/pareto.projetotec</source>
	</sources>
	<packages>
		<package branch-rate="0" complexity="0" line-rate="0.7143" name=".">
			<classes>
				<class branch-rate="0" complexity="0" filename="projeto.py" line-rate="0.7143" name="projeto.py">
					<methods/>
					<lines>
						<line hits="1" number="1"/>
						<line hits="1" number="3"/>
						<line hits="1" number="4"/>
						<line hits="1" number="5"/>
						<line hits="0" number="6"/>
						<line hits="1" number="7"/>
						<line hits="0" number="8"/>
					</lines>
				</class>
			</classes>
		</package>
	</packages>
</coverage>
